::1 - - [10/Jan/2020:19:08:41 +0000] "POST /api/initiliaze HTTP/1.1" 200 663 "-" "PostmanRuntime/7.21.0"
::1 - - [10/Jan/2020:19:12:06 +0000] "POST /api/initiliaze HTTP/1.1" 200 663 "-" "PostmanRuntime/7.21.0"
::1 - - [10/Jan/2020:19:14:50 +0000] "POST /api/initiliaze HTTP/1.1" 200 663 "-" "PostmanRuntime/7.21.0"
::1 - - [10/Jan/2020:19:15:43 +0000] "POST /api/initiliaze HTTP/1.1" 200 663 "-" "PostmanRuntime/7.21.0"
::1 - - [10/Jan/2020:19:17:05 +0000] "POST /api/initiliaze HTTP/1.1" 200 663 "-" "PostmanRuntime/7.21.0"
::1 - - [10/Jan/2020:19:18:09 +0000] "POST /api/initiliaze HTTP/1.1" 200 663 "-" "PostmanRuntime/7.21.0"
::1 - - [10/Jan/2020:19:21:52 +0000] "POST /api/initiliaze HTTP/1.1" 200 663 "-" "PostmanRuntime/7.21.0"
::1 - - [10/Jan/2020:19:25:38 +0000] "POST /api/initiliaze HTTP/1.1" 200 663 "-" "PostmanRuntime/7.21.0"
::1 - - [10/Jan/2020:19:26:45 +0000] "POST /api/initiliaze HTTP/1.1" 200 663 "-" "PostmanRuntime/7.21.0"
::1 - - [10/Jan/2020:19:37:54 +0000] "POST /api/initiliaze HTTP/1.1" 200 663 "-" "PostmanRuntime/7.21.0"
::1 - - [10/Jan/2020:19:39:02 +0000] "POST /api/initiliaze HTTP/1.1" 200 663 "-" "PostmanRuntime/7.21.0"
::1 - - [10/Jan/2020:19:41:05 +0000] "POST /api/initiliaze HTTP/1.1" 200 663 "-" "PostmanRuntime/7.21.0"
::1 - - [10/Jan/2020:19:42:00 +0000] "POST /api/initiliaze HTTP/1.1" 200 663 "-" "PostmanRuntime/7.21.0"
::1 - - [10/Jan/2020:19:45:05 +0000] "POST /api/initiliaze HTTP/1.1" 401 35 "-" "PostmanRuntime/7.21.0"
::1 - - [10/Jan/2020:19:45:27 +0000] "POST /api/initiliaze HTTP/1.1" 200 663 "-" "PostmanRuntime/7.21.0"
::1 - - [10/Jan/2020:19:47:41 +0000] "POST /api/initiliaze HTTP/1.1" 200 663 "-" "PostmanRuntime/7.21.0"
::1 - - [10/Jan/2020:19:49:40 +0000] "POST /api/initiliaze HTTP/1.1" 200 663 "-" "PostmanRuntime/7.21.0"
::1 - - [10/Jan/2020:19:51:26 +0000] "POST /api/initiliaze HTTP/1.1" 200 663 "-" "PostmanRuntime/7.21.0"
::1 - - [10/Jan/2020:19:52:16 +0000] "POST /api/initiliaze HTTP/1.1" 200 663 "-" "PostmanRuntime/7.21.0"
::1 - - [10/Jan/2020:19:53:53 +0000] "POST /api/initiliaze HTTP/1.1" 200 663 "-" "PostmanRuntime/7.21.0"
::1 - - [10/Jan/2020:19:54:20 +0000] "POST /api/initiliaze HTTP/1.1" 200 663 "-" "PostmanRuntime/7.21.0"
::1 - - [10/Jan/2020:19:54:57 +0000] "POST /api/initiliaze HTTP/1.1" 200 663 "-" "PostmanRuntime/7.21.0"
::1 - - [10/Jan/2020:19:55:56 +0000] "POST /api/initiliaze HTTP/1.1" 200 663 "-" "PostmanRuntime/7.21.0"
::1 - - [10/Jan/2020:19:58:57 +0000] "POST /api/initiliaze HTTP/1.1" 200 663 "-" "PostmanRuntime/7.21.0"
::1 - - [10/Jan/2020:19:59:52 +0000] "POST /api/initiliaze HTTP/1.1" 200 663 "-" "PostmanRuntime/7.21.0"
::1 - - [10/Jan/2020:20:01:36 +0000] "POST /api/initiliaze HTTP/1.1" 200 663 "-" "PostmanRuntime/7.21.0"
::1 - - [10/Jan/2020:20:02:23 +0000] "POST /api/initiliaze HTTP/1.1" 200 663 "-" "PostmanRuntime/7.21.0"
::1 - - [10/Jan/2020:20:07:10 +0000] "POST /api/initiliaze HTTP/1.1" 200 663 "-" "PostmanRuntime/7.21.0"
::1 - - [10/Jan/2020:20:07:42 +0000] "POST /api/initiliaze HTTP/1.1" 200 663 "-" "PostmanRuntime/7.21.0"
::1 - - [10/Jan/2020:20:09:35 +0000] "POST /api/initiliaze HTTP/1.1" 200 663 "-" "PostmanRuntime/7.21.0"
::1 - - [10/Jan/2020:20:10:57 +0000] "POST /api/initiliaze HTTP/1.1" 200 663 "-" "PostmanRuntime/7.21.0"
::1 - - [10/Jan/2020:20:20:31 +0000] "POST /api/initiliaze HTTP/1.1" 200 663 "-" "PostmanRuntime/7.21.0"
::1 - - [10/Jan/2020:20:22:42 +0000] "POST /api/initiliaze HTTP/1.1" 200 663 "-" "PostmanRuntime/7.21.0"
::1 - - [10/Jan/2020:20:41:54 +0000] "POST /api/initiliaze HTTP/1.1" 200 663 "-" "PostmanRuntime/7.21.0"
::1 - - [10/Jan/2020:20:47:16 +0000] "POST /api/initiliaze HTTP/1.1" 401 35 "-" "PostmanRuntime/7.21.0"
::1 - - [10/Jan/2020:20:47:30 +0000] "POST /api/initiliaze HTTP/1.1" 401 35 "-" "PostmanRuntime/7.21.0"
::1 - - [10/Jan/2020:20:47:48 +0000] "POST /api/initiliaze HTTP/1.1" 200 663 "-" "PostmanRuntime/7.21.0"
::1 - - [10/Jan/2020:20:48:21 +0000] "POST /api/initiliaze HTTP/1.1" 200 663 "-" "PostmanRuntime/7.21.0"
::1 - - [10/Jan/2020:20:48:52 +0000] "POST /api/initiliaze HTTP/1.1" 200 663 "-" "PostmanRuntime/7.21.0"
::1 - - [10/Jan/2020:20:49:51 +0000] "POST /api/initiliaze HTTP/1.1" 200 663 "-" "PostmanRuntime/7.21.0"
::1 - - [10/Jan/2020:21:03:16 +0000] "POST /api/initiliaze HTTP/1.1" 200 663 "-" "PostmanRuntime/7.21.0"
::1 - - [10/Jan/2020:21:03:32 +0000] "POST /api/initiliaze HTTP/1.1" 200 663 "-" "PostmanRuntime/7.21.0"
::1 - - [10/Jan/2020:21:03:56 +0000] "POST /api/initiliaze HTTP/1.1" 200 663 "-" "PostmanRuntime/7.21.0"
::1 - - [10/Jan/2020:21:04:35 +0000] "POST /api/initiliaze HTTP/1.1" 200 663 "-" "PostmanRuntime/7.21.0"
::1 - - [10/Jan/2020:21:12:01 +0000] "POST /api/initiliaze HTTP/1.1" 200 663 "-" "PostmanRuntime/7.21.0"
::1 - - [10/Jan/2020:21:12:47 +0000] "POST /api/initiliaze HTTP/1.1" 200 663 "-" "PostmanRuntime/7.21.0"
::1 - - [10/Jan/2020:21:13:49 +0000] "POST /api/initiliaze HTTP/1.1" 200 663 "-" "PostmanRuntime/7.21.0"
::1 - - [10/Jan/2020:21:18:46 +0000] "POST /api/initiliaze HTTP/1.1" 200 663 "-" "PostmanRuntime/7.21.0"
::1 - - [10/Jan/2020:21:33:50 +0000] "POST /api/initiliaze HTTP/1.1" 200 663 "-" "PostmanRuntime/7.21.0"
::1 - - [10/Jan/2020:22:15:49 +0000] "POST /api/initiliaze2 HTTP/1.1" 401 35 "-" "PostmanRuntime/7.21.0"
::1 - - [10/Jan/2020:22:16:15 +0000] "POST /api/initiliaze2 HTTP/1.1" 200 663 "-" "PostmanRuntime/7.21.0"
::1 - - [10/Jan/2020:22:16:50 +0000] "POST /api/initiliaze2 HTTP/1.1" 500 2 "-" "PostmanRuntime/7.21.0"
::1 - - [10/Jan/2020:22:17:27 +0000] "POST /api/initiliaze HTTP/1.1" 200 - "-" "PostmanRuntime/7.21.0"
::1 - - [10/Jan/2020:22:17:43 +0000] "POST /api/initiliaze2 HTTP/1.1" 500 2 "-" "PostmanRuntime/7.21.0"
::1 - - [10/Jan/2020:22:17:53 +0000] "POST /api/initiliaze HTTP/1.1" 200 - "-" "PostmanRuntime/7.21.0"
::1 - - [10/Jan/2020:22:18:04 +0000] "POST /api/initiliaze HTTP/1.1" 200 659 "-" "PostmanRuntime/7.21.0"
::1 - - [10/Jan/2020:22:19:55 +0000] "POST /api/initiliaze2 HTTP/1.1" 500 - "-" "PostmanRuntime/7.21.0"
::1 - - [10/Jan/2020:22:20:47 +0000] "POST /api/initiliaze2 HTTP/1.1" 500 68 "-" "PostmanRuntime/7.21.0"
::1 - - [10/Jan/2020:22:23:43 +0000] "POST /api/initiliaze2 HTTP/1.1" 200 663 "-" "PostmanRuntime/7.21.0"
::1 - - [10/Jan/2020:22:24:04 +0000] "POST /api/initiliaze2 HTTP/1.1" 500 2 "-" "PostmanRuntime/7.21.0"
::1 - - [10/Jan/2020:22:26:37 +0000] "POST /api/initiliaze2 HTTP/1.1" 400 39 "-" "PostmanRuntime/7.21.0"
::1 - - [10/Jan/2020:22:28:44 +0000] "POST /api/initiliaze2 HTTP/1.1" 200 663 "-" "PostmanRuntime/7.21.0"
::1 - - [10/Jan/2020:22:28:58 +0000] "POST /api/initiliaze2 HTTP/1.1" 400 42 "-" "PostmanRuntime/7.21.0"
::1 - - [10/Jan/2020:22:30:59 +0000] "POST /api/initiliaze2 HTTP/1.1" 400 31 "-" "PostmanRuntime/7.21.0"
::1 - - [10/Jan/2020:22:32:42 +0000] "POST /api/initiliaze2 HTTP/1.1" 200 663 "-" "PostmanRuntime/7.21.0"
::1 - - [10/Jan/2020:22:46:02 +0000] "POST /api/initiliaze2 HTTP/1.1" 200 663 "-" "PostmanRuntime/7.21.0"
::1 - - [10/Jan/2020:22:47:14 +0000] "POST /api/initiliaze2 HTTP/1.1" 200 663 "-" "PostmanRuntime/7.21.0"
::1 - - [10/Jan/2020:22:47:42 +0000] "POST /api/initiliaze2 HTTP/1.1" 200 663 "-" "PostmanRuntime/7.21.0"
::1 - - [10/Jan/2020:23:01:54 +0000] "POST /api/initiliaze2 HTTP/1.1" 200 663 "-" "PostmanRuntime/7.21.0"
::1 - - [10/Jan/2020:23:17:08 +0000] "POST /api/initiliaze2 HTTP/1.1" 401 35 "-" "PostmanRuntime/7.21.0"
::1 - - [10/Jan/2020:23:17:41 +0000] "POST /api/initiliaze HTTP/1.1" 200 663 "-" "PostmanRuntime/7.21.0"
::1 - - [10/Jan/2020:23:19:14 +0000] "POST /api/initiliaze HTTP/1.1" 200 663 "-" "PostmanRuntime/7.21.0"
::1 - - [10/Jan/2020:23:21:06 +0000] "POST /api/initiliaze2 HTTP/1.1" 401 35 "-" "PostmanRuntime/7.21.0"
::1 - - [10/Jan/2020:23:21:27 +0000] "POST /api/initiliaze2 HTTP/1.1" 200 663 "-" "PostmanRuntime/7.21.0"
::1 - - [13/Jan/2020:15:06:11 +0000] "POST /api/initiliaze2 HTTP/1.1" 401 35 "-" "PostmanRuntime/7.21.0"
::1 - - [13/Jan/2020:15:07:16 +0000] "POST /api/initiliaze2 HTTP/1.1" 200 663 "-" "PostmanRuntime/7.21.0"
::1 - - [13/Jan/2020:15:35:51 +0000] "POST /api/initiliaze2 HTTP/1.1" 200 663 "-" "PostmanRuntime/7.21.0"
::1 - - [13/Jan/2020:15:37:04 +0000] "POST /api/initiliaze2 HTTP/1.1" 200 663 "-" "PostmanRuntime/7.21.0"
::1 - - [13/Jan/2020:15:38:45 +0000] "POST /api/initiliaze2 HTTP/1.1" 200 663 "-" "PostmanRuntime/7.21.0"
::1 - - [13/Jan/2020:15:39:54 +0000] "POST /api/initiliaze2 HTTP/1.1" 200 663 "-" "PostmanRuntime/7.21.0"
::1 - - [13/Jan/2020:15:40:17 +0000] "POST /api/initiliaze2 HTTP/1.1" 200 663 "-" "PostmanRuntime/7.21.0"
::1 - - [13/Jan/2020:15:41:37 +0000] "POST /api/initiliaze2 HTTP/1.1" 200 663 "-" "PostmanRuntime/7.21.0"
::1 - - [13/Jan/2020:15:43:19 +0000] "POST /api/initiliaze2 HTTP/1.1" 200 663 "-" "PostmanRuntime/7.21.0"
::1 - - [13/Jan/2020:15:44:33 +0000] "POST /api/initiliaze2 HTTP/1.1" 200 663 "-" "PostmanRuntime/7.21.0"
::1 - - [13/Jan/2020:15:46:26 +0000] "POST /api/initiliaze2 HTTP/1.1" 200 663 "-" "PostmanRuntime/7.21.0"
::1 - - [13/Jan/2020:15:47:04 +0000] "POST /api/initiliaze2 HTTP/1.1" 200 663 "-" "PostmanRuntime/7.21.0"
::1 - - [13/Jan/2020:15:48:29 +0000] "POST /api/initiliaze2 HTTP/1.1" 200 663 "-" "PostmanRuntime/7.21.0"
::1 - - [13/Jan/2020:15:51:42 +0000] "POST /api/initiliaze2 HTTP/1.1" 500 4 "-" "PostmanRuntime/7.21.0"
::1 - - [13/Jan/2020:15:52:11 +0000] "POST /api/initiliaze2 HTTP/1.1" 500 4 "-" "PostmanRuntime/7.21.0"
::1 - - [13/Jan/2020:15:52:50 +0000] "POST /api/initiliaze2 HTTP/1.1" 500 4 "-" "PostmanRuntime/7.21.0"
::1 - - [13/Jan/2020:15:56:14 +0000] "POST /api/initiliaze2 HTTP/1.1" 500 4 "-" "PostmanRuntime/7.21.0"
::1 - - [13/Jan/2020:15:57:07 +0000] "POST /api/initiliaze2 HTTP/1.1" 500 4 "-" "PostmanRuntime/7.21.0"
::1 - - [13/Jan/2020:15:58:35 +0000] "POST /api/initiliaze2 HTTP/1.1" 200 663 "-" "PostmanRuntime/7.21.0"
::ffff:127.0.0.1 - - [13/Jan/2020:16:03:43 +0000] "POST /api/initiliaze2 HTTP/1.1" 500 4 "-" "PostmanRuntime/7.21.0"
::1 - - [13/Jan/2020:16:05:55 +0000] "POST /api/initiliaze2 HTTP/1.1" 500 4 "-" "PostmanRuntime/7.21.0"
::1 - - [13/Jan/2020:16:06:38 +0000] "POST /api/initiliaze2 HTTP/1.1" 500 4 "-" "PostmanRuntime/7.21.0"
::1 - - [13/Jan/2020:16:07:03 +0000] "POST /api/initiliaze2 HTTP/1.1" 500 4 "-" "PostmanRuntime/7.21.0"
::1 - - [13/Jan/2020:16:08:45 +0000] "POST /api/initiliaze2 HTTP/1.1" 500 4 "-" "PostmanRuntime/7.21.0"
::1 - - [13/Jan/2020:16:13:32 +0000] "POST /api/initiliaze2 HTTP/1.1" 200 663 "-" "PostmanRuntime/7.21.0"
::ffff:127.0.0.1 - - [13/Jan/2020:16:22:03 +0000] "POST /api/initiliaze2 HTTP/1.1" 500 4 "-" "PostmanRuntime/7.21.0"
::1 - - [13/Jan/2020:16:24:16 +0000] "POST /api/initiliaze2 HTTP/1.1" 200 663 "-" "PostmanRuntime/7.21.0"
::1 - - [13/Jan/2020:16:31:04 +0000] "POST /api/initiliaze2 HTTP/1.1" 200 663 "-" "PostmanRuntime/7.21.0"
::1 - - [13/Jan/2020:16:33:07 +0000] "POST /api/continue HTTP/1.1" 200 959 "-" "PostmanRuntime/7.21.0"
::1 - - [13/Jan/2020:16:46:44 +0000] "POST /api/continue HTTP/1.1" 200 959 "-" "PostmanRuntime/7.21.0"
::1 - - [13/Jan/2020:16:48:18 +0000] "POST /api/initiliaze2 HTTP/1.1" 200 663 "-" "PostmanRuntime/7.21.0"
::1 - - [13/Jan/2020:16:51:03 +0000] "POST /api/initiliaze2 HTTP/1.1" 200 663 "-" "PostmanRuntime/7.21.0"
::1 - - [13/Jan/2020:16:52:30 +0000] "POST /api/initiliaze2 HTTP/1.1" 200 663 "-" "PostmanRuntime/7.21.0"
